Traceback (most recent call last):
  File "/Users/samuel.oranyeli/mambaforge/envs/blogger/lib/python3.10/site-packages/jupyter_cache/executors/utils.py", line 58, in single_nb_execution
    executenb(
  File "/Users/samuel.oranyeli/mambaforge/envs/blogger/lib/python3.10/site-packages/nbclient/client.py", line 1204, in execute
    return NotebookClient(nb=nb, resources=resources, km=km, **kwargs).execute()
  File "/Users/samuel.oranyeli/mambaforge/envs/blogger/lib/python3.10/site-packages/nbclient/util.py", line 84, in wrapped
    return just_run(coro(*args, **kwargs))
  File "/Users/samuel.oranyeli/mambaforge/envs/blogger/lib/python3.10/site-packages/nbclient/util.py", line 62, in just_run
    return loop.run_until_complete(coro)
  File "/Users/samuel.oranyeli/mambaforge/envs/blogger/lib/python3.10/asyncio/base_events.py", line 649, in run_until_complete
    return future.result()
  File "/Users/samuel.oranyeli/mambaforge/envs/blogger/lib/python3.10/site-packages/nbclient/client.py", line 663, in async_execute
    await self.async_execute_cell(
  File "/Users/samuel.oranyeli/mambaforge/envs/blogger/lib/python3.10/site-packages/nbclient/client.py", line 965, in async_execute_cell
    await self._check_raise_for_error(cell, cell_index, exec_reply)
  File "/Users/samuel.oranyeli/mambaforge/envs/blogger/lib/python3.10/site-packages/nbclient/client.py", line 862, in _check_raise_for_error
    raise CellExecutionError.from_cell_and_msg(cell, exec_reply_content)
nbclient.exceptions.CellExecutionError: An error occurred while executing the following cell:
------------------
from requests_html import HTMLSession
session = HTMLSession()

# url for travel section:
url = "http://books.toscrape.com/catalogue/category/books/travel_2/index.html"

# access data from url:
webpage = session.get(url)

titles = [element.attrs["title"] for element in webpage.html.find("h3>a")]

titles
------------------

[0;31m---------------------------------------------------------------------------[0m
[0;31mModuleNotFoundError[0m                       Traceback (most recent call last)
Cell [0;32mIn[1], line 1[0m
[0;32m----> 1[0m [38;5;28;01mfrom[39;00m [38;5;21;01mrequests_html[39;00m [38;5;28;01mimport[39;00m HTMLSession
[1;32m      2[0m session [38;5;241m=[39m HTMLSession()
[1;32m      4[0m [38;5;66;03m# url for travel section:[39;00m

[0;31mModuleNotFoundError[0m: No module named 'requests_html'
ModuleNotFoundError: No module named 'requests_html'

